[debug] [2025-12-02T10:22:54.673Z] ----------------------------------------------------------------------
[debug] [2025-12-02T10:22:54.675Z] Command:       /usr/local/Cellar/node@22/22.19.0/bin/node /Users/salemkammoun/.nvm/versions/node/v22.20.0/bin/firebase use --add
[debug] [2025-12-02T10:22:54.676Z] CLI Version:   14.19.1
[debug] [2025-12-02T10:22:54.676Z] Platform:      darwin
[debug] [2025-12-02T10:22:54.676Z] Node Version:  v22.19.0
[debug] [2025-12-02T10:22:54.676Z] Time:          Tue Dec 02 2025 11:22:54 GMT+0100 (Central European Standard Time)
[debug] [2025-12-02T10:22:54.677Z] ----------------------------------------------------------------------
[debug] 
[debug] [2025-12-02T10:22:54.907Z] > command requires scopes: ["email","openid","https://www.googleapis.com/auth/cloudplatformprojects.readonly","https://www.googleapis.com/auth/firebase","https://www.googleapis.com/auth/cloud-platform"]
[debug] [2025-12-02T10:22:54.908Z] > authorizing via signed-in user (monsuivibipolaire@gmail.com)
[debug] [2025-12-02T10:22:54.909Z] Checked if tokens are valid: true, expires at: 1764674409639
[debug] [2025-12-02T10:22:54.909Z] Checked if tokens are valid: true, expires at: 1764674409639
[debug] [2025-12-02T10:22:54.910Z] >>> [apiv2][query] GET https://firebase.googleapis.com/v1beta1/projects pageSize=1000
[debug] [2025-12-02T10:22:55.462Z] <<< [apiv2][status] GET https://firebase.googleapis.com/v1beta1/projects 200
[debug] [2025-12-02T10:22:55.462Z] <<< [apiv2][body] GET https://firebase.googleapis.com/v1beta1/projects [omitted]
[debug] [2025-12-02T10:23:13.590Z] ExitPromptError: User force closed the prompt with SIGINT
    at Interface.sigint (/Users/salemkammoun/.nvm/versions/node/v22.20.0/lib/node_modules/firebase-tools/node_modules/@inquirer/core/dist/commonjs/lib/create-prompt.js:101:37)
    at Interface.emit (node:events:519:28)
    at Interface.emit (node:domain:489:12)
    at [_ttyWrite] [as _ttyWrite] (node:internal/readline/interface:1132:18)
    at ReadStream.onkeypress (node:internal/readline/interface:271:20)
    at ReadStream.emit (node:events:531:35)
    at ReadStream.emit (node:domain:489:12)
    at emitKeys (node:internal/readline/utils:370:14)
    at emitKeys.next (<anonymous>)
    at ReadStream.onData (node:internal/readline/emitKeypressEvents:64:36)
[error] 
[error] Error: An unexpected error has occurred.
[debug] [2025-12-02T10:23:55.376Z] ----------------------------------------------------------------------
[debug] [2025-12-02T10:23:55.379Z] Command:       /usr/local/Cellar/node@22/22.19.0/bin/node /Users/salemkammoun/.nvm/versions/node/v22.20.0/bin/firebase use --add
[debug] [2025-12-02T10:23:55.379Z] CLI Version:   14.19.1
[debug] [2025-12-02T10:23:55.380Z] Platform:      darwin
[debug] [2025-12-02T10:23:55.380Z] Node Version:  v22.19.0
[debug] [2025-12-02T10:23:55.380Z] Time:          Tue Dec 02 2025 11:23:55 GMT+0100 (Central European Standard Time)
[debug] [2025-12-02T10:23:55.380Z] ----------------------------------------------------------------------
[debug] 
[debug] [2025-12-02T10:23:55.580Z] > command requires scopes: ["email","openid","https://www.googleapis.com/auth/cloudplatformprojects.readonly","https://www.googleapis.com/auth/firebase","https://www.googleapis.com/auth/cloud-platform"]
[debug] [2025-12-02T10:23:55.580Z] > authorizing via signed-in user (monsuivibipolaire@gmail.com)
[debug] [2025-12-02T10:23:55.581Z] Checked if tokens are valid: true, expires at: 1764674409639
[debug] [2025-12-02T10:23:55.581Z] Checked if tokens are valid: true, expires at: 1764674409639
[debug] [2025-12-02T10:23:55.582Z] >>> [apiv2][query] GET https://firebase.googleapis.com/v1beta1/projects pageSize=1000
[debug] [2025-12-02T10:23:56.192Z] <<< [apiv2][status] GET https://firebase.googleapis.com/v1beta1/projects 200
[debug] [2025-12-02T10:23:56.192Z] <<< [apiv2][body] GET https://firebase.googleapis.com/v1beta1/projects [omitted]
[debug] [2025-12-02T10:23:59.674Z] ExitPromptError: User force closed the prompt with SIGINT
    at Interface.sigint (/Users/salemkammoun/.nvm/versions/node/v22.20.0/lib/node_modules/firebase-tools/node_modules/@inquirer/core/dist/commonjs/lib/create-prompt.js:101:37)
    at Interface.emit (node:events:519:28)
    at Interface.emit (node:domain:489:12)
    at [_ttyWrite] [as _ttyWrite] (node:internal/readline/interface:1132:18)
    at ReadStream.onkeypress (node:internal/readline/interface:271:20)
    at ReadStream.emit (node:events:531:35)
    at ReadStream.emit (node:domain:489:12)
    at emitKeys (node:internal/readline/utils:370:14)
    at emitKeys.next (<anonymous>)
    at ReadStream.onData (node:internal/readline/emitKeypressEvents:64:36)
[error] 
[error] Error: An unexpected error has occurred.
[debug] [2025-12-02T10:24:03.932Z] ----------------------------------------------------------------------
[debug] [2025-12-02T10:24:03.936Z] Command:       /usr/local/Cellar/node@22/22.19.0/bin/node /Users/salemkammoun/.nvm/versions/node/v22.20.0/bin/firebase init
[debug] [2025-12-02T10:24:03.936Z] CLI Version:   14.19.1
[debug] [2025-12-02T10:24:03.937Z] Platform:      darwin
[debug] [2025-12-02T10:24:03.937Z] Node Version:  v22.19.0
[debug] [2025-12-02T10:24:03.937Z] Time:          Tue Dec 02 2025 11:24:03 GMT+0100 (Central European Standard Time)
[debug] [2025-12-02T10:24:03.937Z] ----------------------------------------------------------------------
[debug] 
[info] 
     ######## #### ########  ######## ########     ###     ######  ########
     ##        ##  ##     ## ##       ##     ##  ##   ##  ##       ##
     ######    ##  ########  ######   ########  #########  ######  ######
     ##        ##  ##    ##  ##       ##     ## ##     ##       ## ##
     ##       #### ##     ## ######## ########  ##     ##  ######  ########

You're about to initialize a Firebase project in this directory:

  /Users/salemkammoun/Documents/salemk/elyes-immo

Before we get started, keep in mind:

  * You are initializing within an existing Firebase project directory

[info] 
=== Project Setup
[info] 
[info] First, let's associate this project directory with a Firebase project.
[info] You can create multiple project aliases by running firebase use --add, 
[info] 
[debug] [2025-12-02T10:24:13.021Z] > command requires scopes: ["email","openid","https://www.googleapis.com/auth/cloudplatformprojects.readonly","https://www.googleapis.com/auth/firebase","https://www.googleapis.com/auth/cloud-platform"]
[debug] [2025-12-02T10:24:13.021Z] > authorizing via signed-in user (monsuivibipolaire@gmail.com)
[debug] [2025-12-02T10:24:13.023Z] Checked if tokens are valid: true, expires at: 1764674409639
[debug] [2025-12-02T10:24:13.023Z] Checked if tokens are valid: true, expires at: 1764674409639
[debug] [2025-12-02T10:24:13.024Z] >>> [apiv2][query] GET https://firebase.googleapis.com/v1beta1/projects pageSize=100
[debug] [2025-12-02T10:24:13.596Z] <<< [apiv2][status] GET https://firebase.googleapis.com/v1beta1/projects 200
[debug] [2025-12-02T10:24:13.596Z] <<< [apiv2][body] GET https://firebase.googleapis.com/v1beta1/projects [omitted]
[debug] [2025-12-02T10:24:45.112Z] ExitPromptError: User force closed the prompt with SIGINT
    at Interface.sigint (/Users/salemkammoun/.nvm/versions/node/v22.20.0/lib/node_modules/firebase-tools/node_modules/@inquirer/core/dist/commonjs/lib/create-prompt.js:101:37)
    at Interface.emit (node:events:519:28)
    at Interface.emit (node:domain:489:12)
    at [_ttyWrite] [as _ttyWrite] (node:internal/readline/interface:1132:18)
    at ReadStream.onkeypress (node:internal/readline/interface:271:20)
    at ReadStream.emit (node:events:531:35)
    at ReadStream.emit (node:domain:489:12)
    at emitKeys (node:internal/readline/utils:370:14)
    at emitKeys.next (<anonymous>)
    at ReadStream.onData (node:internal/readline/emitKeypressEvents:64:36)
[error] 
[error] Error: An unexpected error has occurred.
